non-native/build/app/intermediates/manifest_merge_blame_file/debug/manifest-merger-blame-debug-report.txt
1<?xml version="1.0" encoding="utf-8"?>
2<manifest xmlns:android="http://schemas.android.com/apk/res/android"
3    package="com.example.bookLibrary"
4    android:versionCode="1"
5    android:versionName="1.0.0" >
6
7    <uses-sdk
8        android:minSdkVersion="21"
9        android:targetSdkVersion="29" />
10    <!--
11         Flutter needs it to communicate with the running application
12         to allow setting breakpoints, to provide hot reload, etc.
13    -->
14    <uses-permission android:name="android.permission.INTERNET" />
14-->src\debug\AndroidManifest.xml:6:5-66
14-->src\debug\AndroidManifest.xml:6:22-64
15    <!-- Although the *SdkVersion is captured in gradle build files, this is required for non gradle builds -->
16    <!-- <uses-sdk android:minSdkVersion="14" /> -->
17    <uses-permission android:name="android.permission.ACCESS_NETWORK_STATE" />
17-->[com.google.firebase:firebase-firestore:21.7.1] AndroidManifest.xml:13:5-79
17-->[com.google.firebase:firebase-firestore:21.7.1] AndroidManifest.xml:13:22-76
18    <uses-permission android:name="android.permission.WAKE_LOCK" />
18-->[com.google.android.gms:play-services-measurement-api:17.6.0] AndroidManifest.xml:24:5-68
18-->[com.google.android.gms:play-services-measurement-api:17.6.0] AndroidManifest.xml:24:22-65
19    <uses-permission android:name="com.google.android.finsky.permission.BIND_GET_INSTALL_REFERRER_SERVICE" />
19-->[com.google.android.gms:play-services-measurement:17.6.0] AndroidManifest.xml:26:5-110
19-->[com.google.android.gms:play-services-measurement:17.6.0] AndroidManifest.xml:26:22-107
20    <!--
21 io.flutter.app.FlutterApplication is an android.app.Application that
22         calls FlutterMain.startInitialization(this); in its onCreate method.
23         In most cases you can leave this as-is, but you if you want to provide
24         additional functionality it is fine to subclass or reimplement
25         FlutterApplication and put your custom class here.
26    -->
27    <application
27-->src\main\AndroidManifest.xml:8:5-46:19
28        android:name="io.flutter.app.FlutterApplication"
28-->src\main\AndroidManifest.xml:9:9-57
29        android:appComponentFactory="androidx.core.app.CoreComponentFactory"
29-->[androidx.core:core:1.1.0] AndroidManifest.xml:24:18-86
30        android:debuggable="true"
31        android:icon="@mipmap/ic_launcher"
31-->src\main\AndroidManifest.xml:11:9-43
32        android:label="bookLibrary" >
32-->src\main\AndroidManifest.xml:10:9-36
33        <activity
33-->src\main\AndroidManifest.xml:12:9-40:20
34            android:name="com.example.bookLibrary.MainActivity"
34-->src\main\AndroidManifest.xml:13:13-41
35            android:configChanges="orientation|keyboardHidden|keyboard|screenSize|smallestScreenSize|locale|layoutDirection|fontScale|screenLayout|density|uiMode"
35-->src\main\AndroidManifest.xml:16:13-163
36            android:hardwareAccelerated="true"
36-->src\main\AndroidManifest.xml:17:13-47
37            android:launchMode="singleTop"
37-->src\main\AndroidManifest.xml:14:13-43
38            android:theme="@style/LaunchTheme"
38-->src\main\AndroidManifest.xml:15:13-47
39            android:windowSoftInputMode="adjustResize" >
39-->src\main\AndroidManifest.xml:18:13-55
40
41            <!--
42                 Specifies an Android theme to apply to this Activity as soon as
43                 the Android process has started. This theme is visible to the user
44                 while the Flutter UI initializes. After that, this theme continues
45                 to determine the Window background behind the Flutter UI.
46            -->
47            <meta-data
47-->src\main\AndroidManifest.xml:23:13-26:17
48                android:name="io.flutter.embedding.android.NormalTheme"
48-->src\main\AndroidManifest.xml:24:15-70
49                android:resource="@style/NormalTheme" />
49-->src\main\AndroidManifest.xml:25:15-52
50            <!--
51                 Displays an Android View that continues showing the launch screen
52                 Drawable until Flutter paints its first frame, then this splash
53                 screen fades out. A splash screen is useful to avoid any visual
54                 gap between the end of Android's launch screen and the painting of
55                 Flutter's first frame.
56            -->
57            <meta-data
57-->src\main\AndroidManifest.xml:32:13-35:17
58                android:name="io.flutter.embedding.android.SplashScreenDrawable"
58-->src\main\AndroidManifest.xml:33:15-79
59                android:resource="@drawable/launch_background" />
59-->src\main\AndroidManifest.xml:34:15-61
60
61            <intent-filter>
61-->src\main\AndroidManifest.xml:36:13-39:29
62                <action android:name="android.intent.action.MAIN" />
62-->src\main\AndroidManifest.xml:37:17-68
62-->src\main\AndroidManifest.xml:37:25-66
63
64                <category android:name="android.intent.category.LAUNCHER" />
64-->src\main\AndroidManifest.xml:38:17-76
64-->src\main\AndroidManifest.xml:38:27-74
65            </intent-filter>
66        </activity>
67        <!--
68             Don't delete the meta-data below.
69             This is used by the Flutter tool to generate GeneratedPluginRegistrant.java
70        -->
71        <meta-data
71-->src\main\AndroidManifest.xml:43:9-45:33
72            android:name="flutterEmbedding"
72-->src\main\AndroidManifest.xml:44:13-44
73            android:value="2" />
73-->src\main\AndroidManifest.xml:45:13-30
74
75        <service
75-->[:cloud_firestore] AndroidManifest.xml:8:9-12:19
76            android:name="com.google.firebase.components.ComponentDiscoveryService"
76-->[:cloud_firestore] AndroidManifest.xml:8:18-89
77            android:directBootAware="true"
77-->[com.google.firebase:firebase-common:19.3.1] AndroidManifest.xml:35:13-43
78            android:exported="false" >
78-->[com.google.firebase:firebase-firestore:21.7.1] AndroidManifest.xml:19:13-37
79            <meta-data
79-->[:cloud_firestore] AndroidManifest.xml:9:13-11:85
80                android:name="com.google.firebase.components:io.flutter.plugins.firebase.firestore.FlutterFirebaseFirestoreRegistrar"
80-->[:cloud_firestore] AndroidManifest.xml:10:17-134
81                android:value="com.google.firebase.components.ComponentRegistrar" />
81-->[:cloud_firestore] AndroidManifest.xml:11:17-82
82            <meta-data
82-->[:firebase_core] AndroidManifest.xml:9:13-11:85
83                android:name="com.google.firebase.components:io.flutter.plugins.firebase.core.FlutterFirebaseCoreRegistrar"
83-->[:firebase_core] AndroidManifest.xml:10:17-124
84                android:value="com.google.firebase.components.ComponentRegistrar" />
84-->[:firebase_core] AndroidManifest.xml:11:17-82
85            <meta-data
85-->[com.google.firebase:firebase-firestore:21.7.1] AndroidManifest.xml:20:13-22:85
86                android:name="com.google.firebase.components:com.google.firebase.firestore.FirestoreRegistrar"
86-->[com.google.firebase:firebase-firestore:21.7.1] AndroidManifest.xml:21:17-111
87                android:value="com.google.firebase.components.ComponentRegistrar" />
87-->[com.google.firebase:firebase-firestore:21.7.1] AndroidManifest.xml:22:17-82
88            <meta-data
88-->[com.google.android.gms:play-services-measurement-api:17.6.0] AndroidManifest.xml:30:13-32:85
89                android:name="com.google.firebase.components:com.google.firebase.analytics.connector.internal.AnalyticsConnectorRegistrar"
89-->[com.google.android.gms:play-services-measurement-api:17.6.0] AndroidManifest.xml:31:17-139
90                android:value="com.google.firebase.components.ComponentRegistrar" />
90-->[com.google.android.gms:play-services-measurement-api:17.6.0] AndroidManifest.xml:32:17-82
91            <meta-data
91-->[com.google.firebase:firebase-installations:16.3.2] AndroidManifest.xml:17:13-19:85
92                android:name="com.google.firebase.components:com.google.firebase.installations.FirebaseInstallationsRegistrar"
92-->[com.google.firebase:firebase-installations:16.3.2] AndroidManifest.xml:18:17-127
93                android:value="com.google.firebase.components.ComponentRegistrar" />
93-->[com.google.firebase:firebase-installations:16.3.2] AndroidManifest.xml:19:17-82
94        </service>
95
96        <activity
96-->[com.google.android.gms:play-services-base:17.0.0] AndroidManifest.xml:23:9-26:75
97            android:name="com.google.android.gms.common.api.GoogleApiActivity"
97-->[com.google.android.gms:play-services-base:17.0.0] AndroidManifest.xml:24:13-79
98            android:exported="false"
98-->[com.google.android.gms:play-services-base:17.0.0] AndroidManifest.xml:25:13-37
99            android:theme="@android:style/Theme.Translucent.NoTitleBar" />
99-->[com.google.android.gms:play-services-base:17.0.0] AndroidManifest.xml:26:13-72
100
101        <provider
101-->[com.google.firebase:firebase-common:19.3.1] AndroidManifest.xml:26:9-31:39
102            android:name="com.google.firebase.provider.FirebaseInitProvider"
102-->[com.google.firebase:firebase-common:19.3.1] AndroidManifest.xml:27:13-77
103            android:authorities="com.example.bookLibrary.firebaseinitprovider"
103-->[com.google.firebase:firebase-common:19.3.1] AndroidManifest.xml:28:13-72
104            android:directBootAware="true"
104-->[com.google.firebase:firebase-common:19.3.1] AndroidManifest.xml:29:13-43
105            android:exported="false"
105-->[com.google.firebase:firebase-common:19.3.1] AndroidManifest.xml:30:13-37
106            android:initOrder="100" />
106-->[com.google.firebase:firebase-common:19.3.1] AndroidManifest.xml:31:13-36
107
108        <receiver
108-->[com.google.android.gms:play-services-measurement:17.6.0] AndroidManifest.xml:29:9-33:20
109            android:name="com.google.android.gms.measurement.AppMeasurementReceiver"
109-->[com.google.android.gms:play-services-measurement:17.6.0] AndroidManifest.xml:30:13-85
110            android:enabled="true"
110-->[com.google.android.gms:play-services-measurement:17.6.0] AndroidManifest.xml:31:13-35
111            android:exported="false" >
111-->[com.google.android.gms:play-services-measurement:17.6.0] AndroidManifest.xml:32:13-37
112        </receiver>
113
114        <service
114-->[com.google.android.gms:play-services-measurement:17.6.0] AndroidManifest.xml:35:9-38:40
115            android:name="com.google.android.gms.measurement.AppMeasurementService"
115-->[com.google.android.gms:play-services-measurement:17.6.0] AndroidManifest.xml:36:13-84
116            android:enabled="true"
116-->[com.google.android.gms:play-services-measurement:17.6.0] AndroidManifest.xml:37:13-35
117            android:exported="false" />
117-->[com.google.android.gms:play-services-measurement:17.6.0] AndroidManifest.xml:38:13-37
118        <service
118-->[com.google.android.gms:play-services-measurement:17.6.0] AndroidManifest.xml:39:9-43:72
119            android:name="com.google.android.gms.measurement.AppMeasurementJobService"
119-->[com.google.android.gms:play-services-measurement:17.6.0] AndroidManifest.xml:40:13-87
120            android:enabled="true"
120-->[com.google.android.gms:play-services-measurement:17.6.0] AndroidManifest.xml:41:13-35
121            android:exported="false"
121-->[com.google.android.gms:play-services-measurement:17.6.0] AndroidManifest.xml:42:13-37
122            android:permission="android.permission.BIND_JOB_SERVICE" />
122-->[com.google.android.gms:play-services-measurement:17.6.0] AndroidManifest.xml:43:13-69
123
124        <meta-data
124-->[com.google.android.gms:play-services-basement:17.0.0] AndroidManifest.xml:23:9-25:69
125            android:name="com.google.android.gms.version"
125-->[com.google.android.gms:play-services-basement:17.0.0] AndroidManifest.xml:24:13-58
126            android:value="@integer/google_play_services_version" />
126-->[com.google.android.gms:play-services-basement:17.0.0] AndroidManifest.xml:25:13-66
127    </application>
128
129</manifest>